<?xml version="1.0" encoding="UTF-8"?>
<testsuite name="FractionalOperationsTest" tests="9" skipped="0" failures="0" errors="0" timestamp="2021-04-28T05:25:53" hostname="weidai-mbp" time="0.009">
  <properties/>
  <testcase name="testInvalidOperand_multipleSlashes" classname="FractionalOperationsTest" time="0.001"/>
  <testcase name="testInvalidOperator" classname="FractionalOperationsTest" time="0.001"/>
  <testcase name="testInvalidOperand_noNumberBetweenUnderscoreAndSlash" classname="FractionalOperationsTest" time="0.0"/>
  <testcase name="testValidInput" classname="FractionalOperationsTest" time="0.004"/>
  <testcase name="testInvalidOperand_invalidCharacter" classname="FractionalOperationsTest" time="0.001"/>
  <testcase name="testInvalidInput_argLengthNotThree" classname="FractionalOperationsTest" time="0.0"/>
  <testcase name="testInvalidInput_zeroDivisor" classname="FractionalOperationsTest" time="0.0"/>
  <testcase name="testInvalidOperand_multipleUnderscores" classname="FractionalOperationsTest" time="0.0"/>
  <testcase name="testInvalidOperand_zeroAsDenominator" classname="FractionalOperationsTest" time="0.0"/>
  <system-out><![CDATA[]]></system-out>
  <system-err><![CDATA[]]></system-err>
</testsuite>
